2022-04-03 18:02:16 info: Successful retrieved all staff
2022-04-03 18:02:18 info: Successful retrieved all staff
2022-04-03 18:02:18 info: Successful retrieved all staff
2022-04-03 18:04:01 info: Successful retrieved all staff
2022-04-03 18:05:28 info: Successful retrieved all staff
2022-04-03 18:05:37 info: Successful retrieved all staff
2022-04-03 18:09:27 info: Successful retrieved all staff
2022-04-03 18:10:53 info: Successful retrieved all staff
2022-04-03 18:13:09 error: Please check data that user input
2022-04-03 18:13:55 error: Empty Some data
2022-04-03 18:14:42 error: Incomplete information
2022-04-03 18:16:18 info: Successful retrieved all staff
2022-04-03 18:24:41 info: Successful retrieved all staff
2022-04-03 18:25:17 info: Successful retrieved all staff
2022-04-03 18:25:24 error: Incomplete information
2022-04-03 18:28:03 info: Successful retrieved all staff
2022-04-03 18:28:07 info: Successful retrieved all staff
2022-04-03 18:34:24 info: sussessfuly added
2022-04-03 18:34:24 info: Successful retrieved all staff
2022-04-03 18:34:54 info: sussessfuly deleted
2022-04-03 18:34:54 info: Successful retrieved all staff
2022-04-03 18:35:06 info: sussessfuly deleted
2022-04-03 18:35:06 info: Successful get all staff
2022-04-03 18:42:50 info: Successful get all staff
2022-04-03 18:43:24 info: sussessfuly added
2022-04-03 18:43:24 info: Successful get all staff
2022-04-03 18:44:11 info: Successful get all staff
2022-04-03 18:44:55 info: Successful get all staff
2022-04-03 19:02:06 info: Successful get all staff
2022-04-03 19:02:33 info: sussessfuly added
2022-04-03 19:02:33 info: Successful get all staff
2022-04-03 19:03:26 info: sussessfuly added
2022-04-03 19:03:26 info: Successful get all staff
